The system is: Linux - 3.6.11-4.fc16.i686 - i686
Compiling the C compiler identification source file "CMakeCCompilerId.c" succeeded.
Compiler: /usr/lib/ccache/gcc 
Build flags: 
Id flags: 

The output was:
0


Compilation of the C compiler identification source "CMakeCCompilerId.c" produced "a.out"

The C compiler identification is GNU, found in "/home/coleman/Documents/SeldomEscape/build/CMakeFiles/CompilerIdC/a.out"

Compiling the CXX compiler identification source file "CMakeCXXCompilerId.cpp" succeeded.
Compiler: /usr/lib/ccache/c++ 
Build flags: 
Id flags: 

The output was:
0


Compilation of the CXX compiler identification source "CMakeCXXCompilerId.cpp" produced "a.out"

The CXX compiler identification is GNU, found in "/home/coleman/Documents/SeldomEscape/build/CMakeFiles/CompilerIdCXX/a.out"

Determining if the C compiler works passed with the following output:
Change Dir: /home/coleman/Documents/SeldomEscape/build/CMakeFiles/CMakeTmp

Run Build Command:/usr/bin/gmake "cmTryCompileExec1244181952/fast"
/usr/bin/gmake -f CMakeFiles/cmTryCompileExec1244181952.dir/build.make CMakeFiles/cmTryCompileExec1244181952.dir/build
gmake[1]: 进入目录“/media/MAIN/newsc_doc/SeldomEscape/build/CMakeFiles/CMakeTmp”
/usr/bin/cmake -E cmake_progress_report /home/coleman/Documents/SeldomEscape/build/CMakeFiles/CMakeTmp/CMakeFiles 1
Building C object CMakeFiles/cmTryCompileExec1244181952.dir/testCCompiler.c.o
/usr/lib/ccache/gcc    -o CMakeFiles/cmTryCompileExec1244181952.dir/testCCompiler.c.o   -c /home/coleman/Documents/SeldomEscape/build/CMakeFiles/CMakeTmp/testCCompiler.c
Linking C executable cmTryCompileExec1244181952
/usr/bin/cmake -E cmake_link_script CMakeFiles/cmTryCompileExec1244181952.dir/link.txt --verbose=1
/usr/lib/ccache/gcc         CMakeFiles/cmTryCompileExec1244181952.dir/testCCompiler.c.o  -o cmTryCompileExec1244181952 -rdynamic 
gmake[1]: 离开目录“/media/MAIN/newsc_doc/SeldomEscape/build/CMakeFiles/CMakeTmp”


Detecting C compiler ABI info compiled with the following output:
Change Dir: /home/coleman/Documents/SeldomEscape/build/CMakeFiles/CMakeTmp

Run Build Command:/usr/bin/gmake "cmTryCompileExec1662499258/fast"
/usr/bin/gmake -f CMakeFiles/cmTryCompileExec1662499258.dir/build.make CMakeFiles/cmTryCompileExec1662499258.dir/build
gmake[1]: 进入目录“/media/MAIN/newsc_doc/SeldomEscape/build/CMakeFiles/CMakeTmp”
/usr/bin/cmake -E cmake_progress_report /home/coleman/Documents/SeldomEscape/build/CMakeFiles/CMakeTmp/CMakeFiles 1
Building C object CMakeFiles/cmTryCompileExec1662499258.dir/CMakeCCompilerABI.c.o
/usr/lib/ccache/gcc    -o CMakeFiles/cmTryCompileExec1662499258.dir/CMakeCCompilerABI.c.o   -c /usr/share/cmake/Modules/CMakeCCompilerABI.c
Linking C executable cmTryCompileExec1662499258
/usr/bin/cmake -E cmake_link_script CMakeFiles/cmTryCompileExec1662499258.dir/link.txt --verbose=1
/usr/lib/ccache/gcc       -v CMakeFiles/cmTryCompileExec1662499258.dir/CMakeCCompilerABI.c.o  -o cmTryCompileExec1662499258 -rdynamic  
使用内建 specs。
COLLECT_GCC=/usr/bin/gcc
COLLECT_LTO_WRAPPER=/usr/libexec/gcc/i686-redhat-linux/4.6.3/lto-wrapper
目标：i686-redhat-linux
配置为：../configure --prefix=/usr --mandir=/usr/share/man --infodir=/usr/share/info --with-bugurl=http://bugzilla.redhat.com/bugzilla --enable-bootstrap --enable-shared --enable-threads=posix --enable-checking=release --with-system-zlib --enable-__cxa_atexit --disable-libunwind-exceptions --enable-gnu-unique-object --enable-linker-build-id --enable-languages=c,c++,objc,obj-c++,java,fortran,ada,go,lto --enable-plugin --enable-java-awt=gtk --disable-dssi --with-java-home=/usr/lib/jvm/java-1.5.0-gcj-1.5.0.0/jre --enable-libgcj-multifile --enable-java-maintainer-mode --with-ecj-jar=/usr/share/java/eclipse-ecj.jar --disable-libjava-multilib --with-ppl --with-cloog --with-tune=generic --with-arch=i686 --build=i686-redhat-linux
线程模型：posix
gcc 版本 4.6.3 20120306 (Red Hat 4.6.3-2) (GCC) 
COMPILER_PATH=/usr/libexec/gcc/i686-redhat-linux/4.6.3/:/usr/libexec/gcc/i686-redhat-linux/4.6.3/:/usr/libexec/gcc/i686-redhat-linux/:/usr/lib/gcc/i686-redhat-linux/4.6.3/:/usr/lib/gcc/i686-redhat-linux/
LIBRARY_PATH=/usr/lib/gcc/i686-redhat-linux/4.6.3/:/usr/lib/gcc/i686-redhat-linux/4.6.3/../../../:/lib/:/usr/lib/
COLLECT_GCC_OPTIONS='-v' '-o' 'cmTryCompileExec1662499258' '-rdynamic' '-mtune=generic' '-march=i686'
 /usr/libexec/gcc/i686-redhat-linux/4.6.3/collect2 --build-id --no-add-needed --eh-frame-hdr -m elf_i386 --hash-style=gnu -export-dynamic -dynamic-linker /lib/ld-linux.so.2 -o cmTryCompileExec1662499258 /usr/lib/gcc/i686-redhat-linux/4.6.3/../../../crt1.o /usr/lib/gcc/i686-redhat-linux/4.6.3/../../../crti.o /usr/lib/gcc/i686-redhat-linux/4.6.3/crtbegin.o -L/usr/lib/gcc/i686-redhat-linux/4.6.3 -L/usr/lib/gcc/i686-redhat-linux/4.6.3/../../.. CMakeFiles/cmTryCompileExec1662499258.dir/CMakeCCompilerABI.c.o -lgcc --as-needed -lgcc_s --no-as-needed -lc -lgcc --as-needed -lgcc_s --no-as-needed /usr/lib/gcc/i686-redhat-linux/4.6.3/crtend.o /usr/lib/gcc/i686-redhat-linux/4.6.3/../../../crtn.o
gmake[1]: 离开目录“/media/MAIN/newsc_doc/SeldomEscape/build/CMakeFiles/CMakeTmp”


Parsed C implicit link information from above output:
  link line regex: [^( *|.*[/\])(ld|ld|collect2)[^/\]*( |$)]
  ignore line: [Change Dir: /home/coleman/Documents/SeldomEscape/build/CMakeFiles/CMakeTmp]
  ignore line: []
  ignore line: [Run Build Command:/usr/bin/gmake "cmTryCompileExec1662499258/fast"]
  ignore line: [/usr/bin/gmake -f CMakeFiles/cmTryCompileExec1662499258.dir/build.make CMakeFiles/cmTryCompileExec1662499258.dir/build]
  ignore line: [gmake[1]: 进入目录“/media/MAIN/newsc_doc/SeldomEscape/build/CMakeFiles/CMakeTmp”]
  ignore line: [/usr/bin/cmake -E cmake_progress_report /home/coleman/Documents/SeldomEscape/build/CMakeFiles/CMakeTmp/CMakeFiles 1]
  ignore line: [Building C object CMakeFiles/cmTryCompileExec1662499258.dir/CMakeCCompilerABI.c.o]
  ignore line: [/usr/lib/ccache/gcc    -o CMakeFiles/cmTryCompileExec1662499258.dir/CMakeCCompilerABI.c.o   -c /usr/share/cmake/Modules/CMakeCCompilerABI.c]
  ignore line: [Linking C executable cmTryCompileExec1662499258]
  ignore line: [/usr/bin/cmake -E cmake_link_script CMakeFiles/cmTryCompileExec1662499258.dir/link.txt --verbose=1]
  ignore line: [/usr/lib/ccache/gcc       -v CMakeFiles/cmTryCompileExec1662499258.dir/CMakeCCompilerABI.c.o  -o cmTryCompileExec1662499258 -rdynamic  ]
  ignore line: [使用内建 specs。]
  ignore line: [COLLECT_GCC=/usr/bin/gcc]
  ignore line: [COLLECT_LTO_WRAPPER=/usr/libexec/gcc/i686-redhat-linux/4.6.3/lto-wrapper]
  ignore line: [目标：i686-redhat-linux]
  ignore line: [配置为：../configure --prefix=/usr --mandir=/usr/share/man --infodir=/usr/share/info --with-bugurl=http://bugzilla.redhat.com/bugzilla --enable-bootstrap --enable-shared --enable-threads=posix --enable-checking=release --with-system-zlib --enable-__cxa_atexit --disable-libunwind-exceptions --enable-gnu-unique-object --enable-linker-build-id --enable-languages=c,c++,objc,obj-c++,java,fortran,ada,go,lto --enable-plugin --enable-java-awt=gtk --disable-dssi --with-java-home=/usr/lib/jvm/java-1.5.0-gcj-1.5.0.0/jre --enable-libgcj-multifile --enable-java-maintainer-mode --with-ecj-jar=/usr/share/java/eclipse-ecj.jar --disable-libjava-multilib --with-ppl --with-cloog --with-tune=generic --with-arch=i686 --build=i686-redhat-linux]
  ignore line: [线程模型：posix]
  ignore line: [gcc 版本 4.6.3 20120306 (Red Hat 4.6.3-2) (GCC) ]
  ignore line: [COMPILER_PATH=/usr/libexec/gcc/i686-redhat-linux/4.6.3/:/usr/libexec/gcc/i686-redhat-linux/4.6.3/:/usr/libexec/gcc/i686-redhat-linux/:/usr/lib/gcc/i686-redhat-linux/4.6.3/:/usr/lib/gcc/i686-redhat-linux/]
  ignore line: [LIBRARY_PATH=/usr/lib/gcc/i686-redhat-linux/4.6.3/:/usr/lib/gcc/i686-redhat-linux/4.6.3/../../../:/lib/:/usr/lib/]
  ignore line: [COLLECT_GCC_OPTIONS='-v' '-o' 'cmTryCompileExec1662499258' '-rdynamic' '-mtune=generic' '-march=i686']
  link line: [ /usr/libexec/gcc/i686-redhat-linux/4.6.3/collect2 --build-id --no-add-needed --eh-frame-hdr -m elf_i386 --hash-style=gnu -export-dynamic -dynamic-linker /lib/ld-linux.so.2 -o cmTryCompileExec1662499258 /usr/lib/gcc/i686-redhat-linux/4.6.3/../../../crt1.o /usr/lib/gcc/i686-redhat-linux/4.6.3/../../../crti.o /usr/lib/gcc/i686-redhat-linux/4.6.3/crtbegin.o -L/usr/lib/gcc/i686-redhat-linux/4.6.3 -L/usr/lib/gcc/i686-redhat-linux/4.6.3/../../.. CMakeFiles/cmTryCompileExec1662499258.dir/CMakeCCompilerABI.c.o -lgcc --as-needed -lgcc_s --no-as-needed -lc -lgcc --as-needed -lgcc_s --no-as-needed /usr/lib/gcc/i686-redhat-linux/4.6.3/crtend.o /usr/lib/gcc/i686-redhat-linux/4.6.3/../../../crtn.o]
    arg [/usr/libexec/gcc/i686-redhat-linux/4.6.3/collect2] ==> ignore
    arg [--build-id] ==> ignore
    arg [--no-add-needed] ==> ignore
    arg [--eh-frame-hdr] ==> ignore
    arg [-m] ==> ignore
    arg [elf_i386] ==> ignore
    arg [--hash-style=gnu] ==> ignore
    arg [-export-dynamic] ==> ignore
    arg [-dynamic-linker] ==> ignore
    arg [/lib/ld-linux.so.2] ==> ignore
    arg [-o] ==> ignore
    arg [cmTryCompileExec1662499258] ==> ignore
    arg [/usr/lib/gcc/i686-redhat-linux/4.6.3/../../../crt1.o] ==> ignore
    arg [/usr/lib/gcc/i686-redhat-linux/4.6.3/../../../crti.o] ==> ignore
    arg [/usr/lib/gcc/i686-redhat-linux/4.6.3/crtbegin.o] ==> ignore
    arg [-L/usr/lib/gcc/i686-redhat-linux/4.6.3] ==> dir [/usr/lib/gcc/i686-redhat-linux/4.6.3]
    arg [-L/usr/lib/gcc/i686-redhat-linux/4.6.3/../../..] ==> dir [/usr/lib/gcc/i686-redhat-linux/4.6.3/../../..]
    arg [CMakeFiles/cmTryCompileExec1662499258.dir/CMakeCCompilerABI.c.o] ==> ignore
    arg [-lgcc] ==> lib [gcc]
    arg [--as-needed] ==> ignore
    arg [-lgcc_s] ==> lib [gcc_s]
    arg [--no-as-needed] ==> ignore
    arg [-lc] ==> lib [c]
    arg [-lgcc] ==> lib [gcc]
    arg [--as-needed] ==> ignore
    arg [-lgcc_s] ==> lib [gcc_s]
    arg [--no-as-needed] ==> ignore
    arg [/usr/lib/gcc/i686-redhat-linux/4.6.3/crtend.o] ==> ignore
    arg [/usr/lib/gcc/i686-redhat-linux/4.6.3/../../../crtn.o] ==> ignore
  remove lib [gcc]
  remove lib [gcc_s]
  remove lib [gcc]
  remove lib [gcc_s]
  collapse dir [/usr/lib/gcc/i686-redhat-linux/4.6.3] ==> [/usr/lib/gcc/i686-redhat-linux/4.6.3]
  collapse dir [/usr/lib/gcc/i686-redhat-linux/4.6.3/../../..] ==> [/usr/lib]
  implicit libs: [c]
  implicit dirs: [/usr/lib/gcc/i686-redhat-linux/4.6.3;/usr/lib]


Determining if the CXX compiler works passed with the following output:
Change Dir: /home/coleman/Documents/SeldomEscape/build/CMakeFiles/CMakeTmp

Run Build Command:/usr/bin/gmake "cmTryCompileExec3392004269/fast"
/usr/bin/gmake -f CMakeFiles/cmTryCompileExec3392004269.dir/build.make CMakeFiles/cmTryCompileExec3392004269.dir/build
gmake[1]: 进入目录“/media/MAIN/newsc_doc/SeldomEscape/build/CMakeFiles/CMakeTmp”
/usr/bin/cmake -E cmake_progress_report /home/coleman/Documents/SeldomEscape/build/CMakeFiles/CMakeTmp/CMakeFiles 1
Building CXX object CMakeFiles/cmTryCompileExec3392004269.dir/testCXXCompiler.cxx.o
/usr/lib/ccache/c++     -o CMakeFiles/cmTryCompileExec3392004269.dir/testCXXCompiler.cxx.o -c /home/coleman/Documents/SeldomEscape/build/CMakeFiles/CMakeTmp/testCXXCompiler.cxx
Linking CXX executable cmTryCompileExec3392004269
/usr/bin/cmake -E cmake_link_script CMakeFiles/cmTryCompileExec3392004269.dir/link.txt --verbose=1
/usr/lib/ccache/c++          CMakeFiles/cmTryCompileExec3392004269.dir/testCXXCompiler.cxx.o  -o cmTryCompileExec3392004269 -rdynamic 
gmake[1]: 离开目录“/media/MAIN/newsc_doc/SeldomEscape/build/CMakeFiles/CMakeTmp”


Detecting CXX compiler ABI info compiled with the following output:
Change Dir: /home/coleman/Documents/SeldomEscape/build/CMakeFiles/CMakeTmp

Run Build Command:/usr/bin/gmake "cmTryCompileExec3308106384/fast"
/usr/bin/gmake -f CMakeFiles/cmTryCompileExec3308106384.dir/build.make CMakeFiles/cmTryCompileExec3308106384.dir/build
gmake[1]: 进入目录“/media/MAIN/newsc_doc/SeldomEscape/build/CMakeFiles/CMakeTmp”
/usr/bin/cmake -E cmake_progress_report /home/coleman/Documents/SeldomEscape/build/CMakeFiles/CMakeTmp/CMakeFiles 1
Building CXX object CMakeFiles/cmTryCompileExec3308106384.dir/CMakeCXXCompilerABI.cpp.o
/usr/lib/ccache/c++     -o CMakeFiles/cmTryCompileExec3308106384.dir/CMakeCXXCompilerABI.cpp.o -c /usr/share/cmake/Modules/CMakeCXXCompilerABI.cpp
Linking CXX executable cmTryCompileExec3308106384
/usr/bin/cmake -E cmake_link_script CMakeFiles/cmTryCompileExec3308106384.dir/link.txt --verbose=1
/usr/lib/ccache/c++        -v CMakeFiles/cmTryCompileExec3308106384.dir/CMakeCXXCompilerABI.cpp.o  -o cmTryCompileExec3308106384 -rdynamic  
使用内建 specs。
COLLECT_GCC=/usr/bin/c++
COLLECT_LTO_WRAPPER=/usr/libexec/gcc/i686-redhat-linux/4.6.3/lto-wrapper
目标：i686-redhat-linux
配置为：../configure --prefix=/usr --mandir=/usr/share/man --infodir=/usr/share/info --with-bugurl=http://bugzilla.redhat.com/bugzilla --enable-bootstrap --enable-shared --enable-threads=posix --enable-checking=release --with-system-zlib --enable-__cxa_atexit --disable-libunwind-exceptions --enable-gnu-unique-object --enable-linker-build-id --enable-languages=c,c++,objc,obj-c++,java,fortran,ada,go,lto --enable-plugin --enable-java-awt=gtk --disable-dssi --with-java-home=/usr/lib/jvm/java-1.5.0-gcj-1.5.0.0/jre --enable-libgcj-multifile --enable-java-maintainer-mode --with-ecj-jar=/usr/share/java/eclipse-ecj.jar --disable-libjava-multilib --with-ppl --with-cloog --with-tune=generic --with-arch=i686 --build=i686-redhat-linux
线程模型：posix
gcc 版本 4.6.3 20120306 (Red Hat 4.6.3-2) (GCC) 
COMPILER_PATH=/usr/libexec/gcc/i686-redhat-linux/4.6.3/:/usr/libexec/gcc/i686-redhat-linux/4.6.3/:/usr/libexec/gcc/i686-redhat-linux/:/usr/lib/gcc/i686-redhat-linux/4.6.3/:/usr/lib/gcc/i686-redhat-linux/
LIBRARY_PATH=/usr/lib/gcc/i686-redhat-linux/4.6.3/:/usr/lib/gcc/i686-redhat-linux/4.6.3/../../../:/lib/:/usr/lib/
COLLECT_GCC_OPTIONS='-v' '-o' 'cmTryCompileExec3308106384' '-rdynamic' '-shared-libgcc' '-mtune=generic' '-march=i686'
 /usr/libexec/gcc/i686-redhat-linux/4.6.3/collect2 --build-id --no-add-needed --eh-frame-hdr -m elf_i386 --hash-style=gnu -export-dynamic -dynamic-linker /lib/ld-linux.so.2 -o cmTryCompileExec3308106384 /usr/lib/gcc/i686-redhat-linux/4.6.3/../../../crt1.o /usr/lib/gcc/i686-redhat-linux/4.6.3/../../../crti.o /usr/lib/gcc/i686-redhat-linux/4.6.3/crtbegin.o -L/usr/lib/gcc/i686-redhat-linux/4.6.3 -L/usr/lib/gcc/i686-redhat-linux/4.6.3/../../.. CMakeFiles/cmTryCompileExec3308106384.dir/CMakeCXXCompilerABI.cpp.o -lstdc++ -lm -lgcc_s -lgcc -lc -lgcc_s -lgcc /usr/lib/gcc/i686-redhat-linux/4.6.3/crtend.o /usr/lib/gcc/i686-redhat-linux/4.6.3/../../../crtn.o
gmake[1]: 离开目录“/media/MAIN/newsc_doc/SeldomEscape/build/CMakeFiles/CMakeTmp”


Parsed CXX implicit link information from above output:
  link line regex: [^( *|.*[/\])(ld|ld|collect2)[^/\]*( |$)]
  ignore line: [Change Dir: /home/coleman/Documents/SeldomEscape/build/CMakeFiles/CMakeTmp]
  ignore line: []
  ignore line: [Run Build Command:/usr/bin/gmake "cmTryCompileExec3308106384/fast"]
  ignore line: [/usr/bin/gmake -f CMakeFiles/cmTryCompileExec3308106384.dir/build.make CMakeFiles/cmTryCompileExec3308106384.dir/build]
  ignore line: [gmake[1]: 进入目录“/media/MAIN/newsc_doc/SeldomEscape/build/CMakeFiles/CMakeTmp”]
  ignore line: [/usr/bin/cmake -E cmake_progress_report /home/coleman/Documents/SeldomEscape/build/CMakeFiles/CMakeTmp/CMakeFiles 1]
  ignore line: [Building CXX object CMakeFiles/cmTryCompileExec3308106384.dir/CMakeCXXCompilerABI.cpp.o]
  ignore line: [/usr/lib/ccache/c++     -o CMakeFiles/cmTryCompileExec3308106384.dir/CMakeCXXCompilerABI.cpp.o -c /usr/share/cmake/Modules/CMakeCXXCompilerABI.cpp]
  ignore line: [Linking CXX executable cmTryCompileExec3308106384]
  ignore line: [/usr/bin/cmake -E cmake_link_script CMakeFiles/cmTryCompileExec3308106384.dir/link.txt --verbose=1]
  ignore line: [/usr/lib/ccache/c++        -v CMakeFiles/cmTryCompileExec3308106384.dir/CMakeCXXCompilerABI.cpp.o  -o cmTryCompileExec3308106384 -rdynamic  ]
  ignore line: [使用内建 specs。]
  ignore line: [COLLECT_GCC=/usr/bin/c++]
  ignore line: [COLLECT_LTO_WRAPPER=/usr/libexec/gcc/i686-redhat-linux/4.6.3/lto-wrapper]
  ignore line: [目标：i686-redhat-linux]
  ignore line: [配置为：../configure --prefix=/usr --mandir=/usr/share/man --infodir=/usr/share/info --with-bugurl=http://bugzilla.redhat.com/bugzilla --enable-bootstrap --enable-shared --enable-threads=posix --enable-checking=release --with-system-zlib --enable-__cxa_atexit --disable-libunwind-exceptions --enable-gnu-unique-object --enable-linker-build-id --enable-languages=c,c++,objc,obj-c++,java,fortran,ada,go,lto --enable-plugin --enable-java-awt=gtk --disable-dssi --with-java-home=/usr/lib/jvm/java-1.5.0-gcj-1.5.0.0/jre --enable-libgcj-multifile --enable-java-maintainer-mode --with-ecj-jar=/usr/share/java/eclipse-ecj.jar --disable-libjava-multilib --with-ppl --with-cloog --with-tune=generic --with-arch=i686 --build=i686-redhat-linux]
  ignore line: [线程模型：posix]
  ignore line: [gcc 版本 4.6.3 20120306 (Red Hat 4.6.3-2) (GCC) ]
  ignore line: [COMPILER_PATH=/usr/libexec/gcc/i686-redhat-linux/4.6.3/:/usr/libexec/gcc/i686-redhat-linux/4.6.3/:/usr/libexec/gcc/i686-redhat-linux/:/usr/lib/gcc/i686-redhat-linux/4.6.3/:/usr/lib/gcc/i686-redhat-linux/]
  ignore line: [LIBRARY_PATH=/usr/lib/gcc/i686-redhat-linux/4.6.3/:/usr/lib/gcc/i686-redhat-linux/4.6.3/../../../:/lib/:/usr/lib/]
  ignore line: [COLLECT_GCC_OPTIONS='-v' '-o' 'cmTryCompileExec3308106384' '-rdynamic' '-shared-libgcc' '-mtune=generic' '-march=i686']
  link line: [ /usr/libexec/gcc/i686-redhat-linux/4.6.3/collect2 --build-id --no-add-needed --eh-frame-hdr -m elf_i386 --hash-style=gnu -export-dynamic -dynamic-linker /lib/ld-linux.so.2 -o cmTryCompileExec3308106384 /usr/lib/gcc/i686-redhat-linux/4.6.3/../../../crt1.o /usr/lib/gcc/i686-redhat-linux/4.6.3/../../../crti.o /usr/lib/gcc/i686-redhat-linux/4.6.3/crtbegin.o -L/usr/lib/gcc/i686-redhat-linux/4.6.3 -L/usr/lib/gcc/i686-redhat-linux/4.6.3/../../.. CMakeFiles/cmTryCompileExec3308106384.dir/CMakeCXXCompilerABI.cpp.o -lstdc++ -lm -lgcc_s -lgcc -lc -lgcc_s -lgcc /usr/lib/gcc/i686-redhat-linux/4.6.3/crtend.o /usr/lib/gcc/i686-redhat-linux/4.6.3/../../../crtn.o]
    arg [/usr/libexec/gcc/i686-redhat-linux/4.6.3/collect2] ==> ignore
    arg [--build-id] ==> ignore
    arg [--no-add-needed] ==> ignore
    arg [--eh-frame-hdr] ==> ignore
    arg [-m] ==> ignore
    arg [elf_i386] ==> ignore
    arg [--hash-style=gnu] ==> ignore
    arg [-export-dynamic] ==> ignore
    arg [-dynamic-linker] ==> ignore
    arg [/lib/ld-linux.so.2] ==> ignore
    arg [-o] ==> ignore
    arg [cmTryCompileExec3308106384] ==> ignore
    arg [/usr/lib/gcc/i686-redhat-linux/4.6.3/../../../crt1.o] ==> ignore
    arg [/usr/lib/gcc/i686-redhat-linux/4.6.3/../../../crti.o] ==> ignore
    arg [/usr/lib/gcc/i686-redhat-linux/4.6.3/crtbegin.o] ==> ignore
    arg [-L/usr/lib/gcc/i686-redhat-linux/4.6.3] ==> dir [/usr/lib/gcc/i686-redhat-linux/4.6.3]
    arg [-L/usr/lib/gcc/i686-redhat-linux/4.6.3/../../..] ==> dir [/usr/lib/gcc/i686-redhat-linux/4.6.3/../../..]
    arg [CMakeFiles/cmTryCompileExec3308106384.dir/CMakeCXXCompilerABI.cpp.o] ==> ignore
    arg [-lstdc++] ==> lib [stdc++]
    arg [-lm] ==> lib [m]
    arg [-lgcc_s] ==> lib [gcc_s]
    arg [-lgcc] ==> lib [gcc]
    arg [-lc] ==> lib [c]
    arg [-lgcc_s] ==> lib [gcc_s]
    arg [-lgcc] ==> lib [gcc]
    arg [/usr/lib/gcc/i686-redhat-linux/4.6.3/crtend.o] ==> ignore
    arg [/usr/lib/gcc/i686-redhat-linux/4.6.3/../../../crtn.o] ==> ignore
  remove lib [gcc_s]
  remove lib [gcc]
  remove lib [gcc_s]
  remove lib [gcc]
  collapse dir [/usr/lib/gcc/i686-redhat-linux/4.6.3] ==> [/usr/lib/gcc/i686-redhat-linux/4.6.3]
  collapse dir [/usr/lib/gcc/i686-redhat-linux/4.6.3/../../..] ==> [/usr/lib]
  implicit libs: [stdc++;m;c]
  implicit dirs: [/usr/lib/gcc/i686-redhat-linux/4.6.3;/usr/lib]


Determining if files pthread.h exist passed with the following output:
Change Dir: /home/coleman/Documents/SeldomEscape/build/CMakeFiles/CMakeTmp

Run Build Command:/usr/bin/gmake "cmTryCompileExec1916869117/fast"
/usr/bin/gmake -f CMakeFiles/cmTryCompileExec1916869117.dir/build.make CMakeFiles/cmTryCompileExec1916869117.dir/build
gmake[1]: 进入目录“/media/MAIN/newsc_doc/SeldomEscape/build/CMakeFiles/CMakeTmp”
/usr/bin/cmake -E cmake_progress_report /home/coleman/Documents/SeldomEscape/build/CMakeFiles/CMakeTmp/CMakeFiles 1
Building C object CMakeFiles/cmTryCompileExec1916869117.dir/CheckIncludeFiles.c.o
/usr/lib/ccache/gcc    -o CMakeFiles/cmTryCompileExec1916869117.dir/CheckIncludeFiles.c.o   -c /home/coleman/Documents/SeldomEscape/build/CMakeFiles/CMakeTmp/CheckIncludeFiles.c
Linking C executable cmTryCompileExec1916869117
/usr/bin/cmake -E cmake_link_script CMakeFiles/cmTryCompileExec1916869117.dir/link.txt --verbose=1
/usr/lib/ccache/gcc         CMakeFiles/cmTryCompileExec1916869117.dir/CheckIncludeFiles.c.o  -o cmTryCompileExec1916869117 -rdynamic 
gmake[1]: 离开目录“/media/MAIN/newsc_doc/SeldomEscape/build/CMakeFiles/CMakeTmp”


Determining if the function pthread_create exists in the pthread passed with the following output:
Change Dir: /home/coleman/Documents/SeldomEscape/build/CMakeFiles/CMakeTmp

Run Build Command:/usr/bin/gmake "cmTryCompileExec1500658234/fast"
/usr/bin/gmake -f CMakeFiles/cmTryCompileExec1500658234.dir/build.make CMakeFiles/cmTryCompileExec1500658234.dir/build
gmake[1]: 进入目录“/media/MAIN/newsc_doc/SeldomEscape/build/CMakeFiles/CMakeTmp”
/usr/bin/cmake -E cmake_progress_report /home/coleman/Documents/SeldomEscape/build/CMakeFiles/CMakeTmp/CMakeFiles 1
Building C object CMakeFiles/cmTryCompileExec1500658234.dir/CheckFunctionExists.c.o
/usr/lib/ccache/gcc   -DCHECK_FUNCTION_EXISTS=pthread_create   -o CMakeFiles/cmTryCompileExec1500658234.dir/CheckFunctionExists.c.o   -c /usr/share/cmake/Modules/CheckFunctionExists.c
Linking C executable cmTryCompileExec1500658234
/usr/bin/cmake -E cmake_link_script CMakeFiles/cmTryCompileExec1500658234.dir/link.txt --verbose=1
/usr/lib/ccache/gcc     -DCHECK_FUNCTION_EXISTS=pthread_create    CMakeFiles/cmTryCompileExec1500658234.dir/CheckFunctionExists.c.o  -o cmTryCompileExec1500658234 -rdynamic -lpthread 
gmake[1]: 离开目录“/media/MAIN/newsc_doc/SeldomEscape/build/CMakeFiles/CMakeTmp”


Determining if the function XOpenDisplay exists in the /usr/lib/libX11.so;/usr/lib/libXext.so passed with the following output:
Change Dir: /home/coleman/Documents/SeldomEscape/build/CMakeFiles/CMakeTmp

Run Build Command:/usr/bin/gmake "cmTryCompileExec995732506/fast"
/usr/bin/gmake -f CMakeFiles/cmTryCompileExec995732506.dir/build.make CMakeFiles/cmTryCompileExec995732506.dir/build
gmake[1]: 进入目录“/media/MAIN/newsc_doc/SeldomEscape/build/CMakeFiles/CMakeTmp”
/usr/bin/cmake -E cmake_progress_report /home/coleman/Documents/SeldomEscape/build/CMakeFiles/CMakeTmp/CMakeFiles 1
Building C object CMakeFiles/cmTryCompileExec995732506.dir/CheckFunctionExists.c.o
/usr/lib/ccache/gcc   -DCHECK_FUNCTION_EXISTS=XOpenDisplay   -o CMakeFiles/cmTryCompileExec995732506.dir/CheckFunctionExists.c.o   -c /usr/share/cmake/Modules/CheckFunctionExists.c
Linking C executable cmTryCompileExec995732506
/usr/bin/cmake -E cmake_link_script CMakeFiles/cmTryCompileExec995732506.dir/link.txt --verbose=1
/usr/lib/ccache/gcc     -DCHECK_FUNCTION_EXISTS=XOpenDisplay    CMakeFiles/cmTryCompileExec995732506.dir/CheckFunctionExists.c.o  -o cmTryCompileExec995732506 -rdynamic -lX11 -lXext 
gmake[1]: 离开目录“/media/MAIN/newsc_doc/SeldomEscape/build/CMakeFiles/CMakeTmp”


Determining if the function gethostbyname exists passed with the following output:
Change Dir: /home/coleman/Documents/SeldomEscape/build/CMakeFiles/CMakeTmp

Run Build Command:/usr/bin/gmake "cmTryCompileExec2029276231/fast"
/usr/bin/gmake -f CMakeFiles/cmTryCompileExec2029276231.dir/build.make CMakeFiles/cmTryCompileExec2029276231.dir/build
gmake[1]: 进入目录“/media/MAIN/newsc_doc/SeldomEscape/build/CMakeFiles/CMakeTmp”
/usr/bin/cmake -E cmake_progress_report /home/coleman/Documents/SeldomEscape/build/CMakeFiles/CMakeTmp/CMakeFiles 1
Building C object CMakeFiles/cmTryCompileExec2029276231.dir/CheckFunctionExists.c.o
/usr/lib/ccache/gcc   -DCHECK_FUNCTION_EXISTS=gethostbyname   -o CMakeFiles/cmTryCompileExec2029276231.dir/CheckFunctionExists.c.o   -c /usr/share/cmake/Modules/CheckFunctionExists.c
Linking C executable cmTryCompileExec2029276231
/usr/bin/cmake -E cmake_link_script CMakeFiles/cmTryCompileExec2029276231.dir/link.txt --verbose=1
/usr/lib/ccache/gcc     -DCHECK_FUNCTION_EXISTS=gethostbyname    CMakeFiles/cmTryCompileExec2029276231.dir/CheckFunctionExists.c.o  -o cmTryCompileExec2029276231 -rdynamic 
gmake[1]: 离开目录“/media/MAIN/newsc_doc/SeldomEscape/build/CMakeFiles/CMakeTmp”


Determining if the function connect exists passed with the following output:
Change Dir: /home/coleman/Documents/SeldomEscape/build/CMakeFiles/CMakeTmp

Run Build Command:/usr/bin/gmake "cmTryCompileExec769319475/fast"
/usr/bin/gmake -f CMakeFiles/cmTryCompileExec769319475.dir/build.make CMakeFiles/cmTryCompileExec769319475.dir/build
gmake[1]: 进入目录“/media/MAIN/newsc_doc/SeldomEscape/build/CMakeFiles/CMakeTmp”
/usr/bin/cmake -E cmake_progress_report /home/coleman/Documents/SeldomEscape/build/CMakeFiles/CMakeTmp/CMakeFiles 1
Building C object CMakeFiles/cmTryCompileExec769319475.dir/CheckFunctionExists.c.o
/usr/lib/ccache/gcc   -DCHECK_FUNCTION_EXISTS=connect   -o CMakeFiles/cmTryCompileExec769319475.dir/CheckFunctionExists.c.o   -c /usr/share/cmake/Modules/CheckFunctionExists.c
Linking C executable cmTryCompileExec769319475
/usr/bin/cmake -E cmake_link_script CMakeFiles/cmTryCompileExec769319475.dir/link.txt --verbose=1
/usr/lib/ccache/gcc     -DCHECK_FUNCTION_EXISTS=connect    CMakeFiles/cmTryCompileExec769319475.dir/CheckFunctionExists.c.o  -o cmTryCompileExec769319475 -rdynamic 
gmake[1]: 离开目录“/media/MAIN/newsc_doc/SeldomEscape/build/CMakeFiles/CMakeTmp”


Determining if the function remove exists passed with the following output:
Change Dir: /home/coleman/Documents/SeldomEscape/build/CMakeFiles/CMakeTmp

Run Build Command:/usr/bin/gmake "cmTryCompileExec907264425/fast"
/usr/bin/gmake -f CMakeFiles/cmTryCompileExec907264425.dir/build.make CMakeFiles/cmTryCompileExec907264425.dir/build
gmake[1]: 进入目录“/media/MAIN/newsc_doc/SeldomEscape/build/CMakeFiles/CMakeTmp”
/usr/bin/cmake -E cmake_progress_report /home/coleman/Documents/SeldomEscape/build/CMakeFiles/CMakeTmp/CMakeFiles 1
Building C object CMakeFiles/cmTryCompileExec907264425.dir/CheckFunctionExists.c.o
/usr/lib/ccache/gcc   -DCHECK_FUNCTION_EXISTS=remove   -o CMakeFiles/cmTryCompileExec907264425.dir/CheckFunctionExists.c.o   -c /usr/share/cmake/Modules/CheckFunctionExists.c
Linking C executable cmTryCompileExec907264425
/usr/bin/cmake -E cmake_link_script CMakeFiles/cmTryCompileExec907264425.dir/link.txt --verbose=1
/usr/lib/ccache/gcc     -DCHECK_FUNCTION_EXISTS=remove    CMakeFiles/cmTryCompileExec907264425.dir/CheckFunctionExists.c.o  -o cmTryCompileExec907264425 -rdynamic 
gmake[1]: 离开目录“/media/MAIN/newsc_doc/SeldomEscape/build/CMakeFiles/CMakeTmp”


Determining if the function shmat exists passed with the following output:
Change Dir: /home/coleman/Documents/SeldomEscape/build/CMakeFiles/CMakeTmp

Run Build Command:/usr/bin/gmake "cmTryCompileExec1719094073/fast"
/usr/bin/gmake -f CMakeFiles/cmTryCompileExec1719094073.dir/build.make CMakeFiles/cmTryCompileExec1719094073.dir/build
gmake[1]: 进入目录“/media/MAIN/newsc_doc/SeldomEscape/build/CMakeFiles/CMakeTmp”
/usr/bin/cmake -E cmake_progress_report /home/coleman/Documents/SeldomEscape/build/CMakeFiles/CMakeTmp/CMakeFiles 1
Building C object CMakeFiles/cmTryCompileExec1719094073.dir/CheckFunctionExists.c.o
/usr/lib/ccache/gcc   -DCHECK_FUNCTION_EXISTS=shmat   -o CMakeFiles/cmTryCompileExec1719094073.dir/CheckFunctionExists.c.o   -c /usr/share/cmake/Modules/CheckFunctionExists.c
Linking C executable cmTryCompileExec1719094073
/usr/bin/cmake -E cmake_link_script CMakeFiles/cmTryCompileExec1719094073.dir/link.txt --verbose=1
/usr/lib/ccache/gcc     -DCHECK_FUNCTION_EXISTS=shmat    CMakeFiles/cmTryCompileExec1719094073.dir/CheckFunctionExists.c.o  -o cmTryCompileExec1719094073 -rdynamic 
gmake[1]: 离开目录“/media/MAIN/newsc_doc/SeldomEscape/build/CMakeFiles/CMakeTmp”


